<?xml version="1.0" encoding="UTF-8"?>
<!-- Generated by org.testng.reporters.JUnitXMLReporter -->
<testsuite ignored="0" hostname="LAPTOP-1HHTK0NR" failures="0" tests="3" name="Surefire test" time="40.269" errors="0" timestamp="2024-09-04T21:18:46 IST">
  <testcase classname="SeleniumTestingSubeka.ECommerceE2E.FirstTest" name="ECommerceTesting" time="10.794"/>
  <testcase classname="SeleniumTestingSubeka.ECommerceE2E.FirstTest" name="ECommerceTesting" time="11.44"/>
  <testcase classname="SeleniumTestingSubeka.ECommerceE2E.FirstTest" name="orderCheckListValidation" time="0.925"/>
</testsuite> <!-- Surefire test -->
