<?xml version="1.0" encoding="UTF-8"?>
<!-- Generated by org.testng.reporters.JUnitXMLReporter -->
<testsuite ignored="0" hostname="LAPTOP-1HHTK0NR" failures="0" tests="3" name="E2E Testing" time="31.145" errors="0" timestamp="2024-08-31T15:55:34 IST">
  <testcase classname="SeleniumTestingSubeka.ECommerceE2E.FirstTest" name="ECommerceTesting" time="9.788"/>
  <testcase classname="SeleniumTestingSubeka.ECommerceE2E.FirstTest" name="ECommerceTesting" time="9.777"/>
  <testcase classname="SeleniumTestingSubeka.ECommerceE2E.FirstTest" name="orderCheckListValidation" time="0.695"/>
</testsuite> <!-- E2E Testing -->
