<?xml version="1.0" encoding="UTF-8"?>
<!-- Generated by org.testng.reporters.JUnitXMLReporter -->
<testsuite ignored="0" hostname="LAPTOP-1HHTK0NR" failures="2" tests="3" name="Error Validation" time="22.636" errors="0" timestamp="2024-08-31T15:55:26 IST">
  <testcase classname="SeleniumTestingSubeka.ECommerceE2E.ErrorValidation" name="ErrorValidationOnUserName" time="1.172">
    <skipped/>
  </testcase> <!-- ErrorValidationOnUserName -->
  <testcase classname="SeleniumTestingSubeka.ECommerceE2E.ErrorValidation" name="ErrorValidationOnUserName" time="1.137">
    <failure type="java.lang.AssertionError" message="expected [Incorrt email or password.] but found [Incorrect email or password.]">
      <![CDATA[java.lang.AssertionError: expected [Incorrt email or password.] but found [Incorrect email or password.]
at SeleniumTestingSubeka.ECommerceE2E.ErrorValidation.ErrorValidationOnUserName(ErrorValidation.java:19)
at java.base/java.util.ArrayList.forEach(ArrayList.java:1511)
at java.base/java.util.concurrent.FutureTask.run(FutureTask.java:264)
at java.base/java.util.concurrent.ThreadPoolExecutor.runWorker(ThreadPoolExecutor.java:1136)
at java.base/java.util.concurrent.ThreadPoolExecutor$Worker.run(ThreadPoolExecutor.java:635)
at java.base/java.lang.Thread.run(Thread.java:833)
... Removed 23 stack frames]]>
    </failure>
  </testcase> <!-- ErrorValidationOnUserName -->
  <testcase classname="SeleniumTestingSubeka.ECommerceE2E.ErrorValidation" name="productErrorValidation" time="10.756">
    <failure type="java.lang.AssertionError" message="expected [true] but found [false]">
      <![CDATA[java.lang.AssertionError: expected [true] but found [false]
at SeleniumTestingSubeka.ECommerceE2E.ErrorValidation.productErrorValidation(ErrorValidation.java:39)
at java.base/java.util.ArrayList.forEach(ArrayList.java:1511)
at java.base/java.util.concurrent.FutureTask.run(FutureTask.java:264)
at java.base/java.util.concurrent.ThreadPoolExecutor.runWorker(ThreadPoolExecutor.java:1136)
at java.base/java.util.concurrent.ThreadPoolExecutor$Worker.run(ThreadPoolExecutor.java:635)
at java.base/java.lang.Thread.run(Thread.java:833)
... Removed 21 stack frames]]>
    </failure>
  </testcase> <!-- productErrorValidation -->
</testsuite> <!-- Error Validation -->
