<?xml version="1.0" encoding="UTF-8"?>
<!-- Generated by org.testng.reporters.JUnitXMLReporter -->
<testsuite ignored="0" hostname="LAPTOP-1HHTK0NR" failures="0" tests="3" name="E2E Testing" time="36.271" errors="0" timestamp="2024-09-04T00:23:08 IST">
  <testcase classname="SeleniumTestingSubeka.ECommerceE2E.FirstTest" name="ECommerceTesting" time="13.358"/>
  <testcase classname="SeleniumTestingSubeka.ECommerceE2E.FirstTest" name="ECommerceTesting" time="10.219"/>
  <testcase classname="SeleniumTestingSubeka.ECommerceE2E.FirstTest" name="orderCheckListValidation" time="1.039"/>
</testsuite> <!-- E2E Testing -->
