<?xml version="1.0" encoding="UTF-8"?>
<!-- Generated by org.testng.reporters.JUnitXMLReporter -->
<testsuite ignored="0" hostname="LAPTOP-1HHTK0NR" failures="0" tests="2" name="Error Validation" time="19.978" errors="0" timestamp="2024-09-04T00:22:52 IST">
  <testcase classname="SeleniumTestingSubeka.ECommerceE2E.ErrorValidation" name="ErrorValidationOnUserName" time="0.717"/>
  <testcase classname="SeleniumTestingSubeka.ECommerceE2E.ErrorValidation" name="productErrorValidation" time="9.082"/>
</testsuite> <!-- Error Validation -->
