<?xml version="1.0" encoding="UTF-8"?>
<testng-results ignored="0" total="3" passed="3" failed="0" skipped="0">
  <reporter-output>
  </reporter-output>
  <suite started-at="2024-09-04T21:18:06 IST" name="Surefire suite" finished-at="2024-09-04T21:18:46 IST" duration-ms="40269">
    <groups>
      <group name="End end Testing">
        <method signature="FirstTest.ECommerceTesting(java.util.HashMap)[pri:0, instance:SeleniumTestingSubeka.ECommerceE2E.FirstTest@3541cb24]" name="ECommerceTesting" class="SeleniumTestingSubeka.ECommerceE2E.FirstTest"/>
      </group> <!-- End end Testing -->
    </groups>
    <test started-at="2024-09-04T21:18:06 IST" name="Surefire test" finished-at="2024-09-04T21:18:46 IST" duration-ms="40269">
      <class name="SeleniumTestingSubeka.ECommerceE2E.FirstTest">
        <test-method is-config="true" signature="launchTheApp()[pri:0, instance:SeleniumTestingSubeka.ECommerceE2E.FirstTest@3541cb24]" started-at="2024-09-04T21:18:06 IST" name="launchTheApp" finished-at="2024-09-04T21:18:12 IST" duration-ms="6504" status="PASS">
          <reporter-output>
          </reporter-output>
        </test-method> <!-- launchTheApp -->
        <test-method signature="ECommerceTesting(java.util.HashMap)[pri:0, instance:SeleniumTestingSubeka.ECommerceE2E.FirstTest@3541cb24]" started-at="2024-09-04T21:18:12 IST" name="ECommerceTesting" data-provider="getdata" finished-at="2024-09-04T21:18:23 IST" duration-ms="10794" status="PASS">
          <params>
            <param index="0">
              <value>
                <![CDATA[{prodName=ZARA COAT 3, password=Chithra@subi8, email=subisubi8@gmail.com}]]>
              </value>
            </param>
          </params>
          <reporter-output>
          </reporter-output>
        </test-method> <!-- ECommerceTesting -->
        <test-method is-config="true" signature="close()[pri:0, instance:SeleniumTestingSubeka.ECommerceE2E.FirstTest@3541cb24]" started-at="2024-09-04T21:18:23 IST" name="close" finished-at="2024-09-04T21:18:23 IST" duration-ms="108" status="PASS">
          <reporter-output>
          </reporter-output>
        </test-method> <!-- close -->
        <test-method is-config="true" signature="launchTheApp()[pri:0, instance:SeleniumTestingSubeka.ECommerceE2E.FirstTest@3541cb24]" started-at="2024-09-04T21:18:23 IST" name="launchTheApp" finished-at="2024-09-04T21:18:28 IST" duration-ms="4676" status="PASS">
          <reporter-output>
          </reporter-output>
        </test-method> <!-- launchTheApp -->
        <test-method signature="ECommerceTesting(java.util.HashMap)[pri:0, instance:SeleniumTestingSubeka.ECommerceE2E.FirstTest@3541cb24]" started-at="2024-09-04T21:18:28 IST" name="ECommerceTesting" data-provider="getdata" finished-at="2024-09-04T21:18:40 IST" duration-ms="11440" status="PASS">
          <params>
            <param index="0">
              <value>
                <![CDATA[{prodName=ADIDAS ORIGINAL, password=Chithra@subi8, email=subisubishivan8@gmail.com}]]>
              </value>
            </param>
          </params>
          <reporter-output>
          </reporter-output>
        </test-method> <!-- ECommerceTesting -->
        <test-method is-config="true" signature="close()[pri:0, instance:SeleniumTestingSubeka.ECommerceE2E.FirstTest@3541cb24]" started-at="2024-09-04T21:18:40 IST" name="close" finished-at="2024-09-04T21:18:40 IST" duration-ms="122" status="PASS">
          <reporter-output>
          </reporter-output>
        </test-method> <!-- close -->
        <test-method is-config="true" signature="launchTheApp()[pri:0, instance:SeleniumTestingSubeka.ECommerceE2E.FirstTest@3541cb24]" started-at="2024-09-04T21:18:40 IST" name="launchTheApp" finished-at="2024-09-04T21:18:45 IST" duration-ms="5315" status="PASS">
          <reporter-output>
          </reporter-output>
        </test-method> <!-- launchTheApp -->
        <test-method signature="orderCheckListValidation()[pri:0, instance:SeleniumTestingSubeka.ECommerceE2E.FirstTest@3541cb24]" started-at="2024-09-04T21:18:45 IST" name="orderCheckListValidation" finished-at="2024-09-04T21:18:46 IST" depends-on-methods="SeleniumTestingSubeka.ECommerceE2E.FirstTest.ECommerceTesting" duration-ms="925" status="PASS">
          <reporter-output>
          </reporter-output>
        </test-method> <!-- orderCheckListValidation -->
        <test-method is-config="true" signature="close()[pri:0, instance:SeleniumTestingSubeka.ECommerceE2E.FirstTest@3541cb24]" started-at="2024-09-04T21:18:46 IST" name="close" finished-at="2024-09-04T21:18:46 IST" duration-ms="141" status="PASS">
          <reporter-output>
          </reporter-output>
        </test-method> <!-- close -->
      </class> <!-- SeleniumTestingSubeka.ECommerceE2E.FirstTest -->
    </test> <!-- Surefire test -->
  </suite> <!-- Surefire suite -->
</testng-results>
